mode: set
github.com/marie-0405/bookings/cmd/web/main.go:22.13,24.16 2 0
github.com/marie-0405/bookings/cmd/web/main.go:28.2,35.16 4 0
github.com/marie-0405/bookings/cmd/web/main.go:24.16,26.3 1 0
github.com/marie-0405/bookings/cmd/web/main.go:38.18,54.16 10 1
github.com/marie-0405/bookings/cmd/web/main.go:59.2,66.12 6 1
github.com/marie-0405/bookings/cmd/web/main.go:54.16,57.3 2 0
github.com/marie-0405/bookings/cmd/web/middleware.go:10.45,20.2 3 1
github.com/marie-0405/bookings/cmd/web/middleware.go:23.50,25.2 1 1
github.com/marie-0405/bookings/cmd/web/routes.go:12.49,35.2 18 1
